<?xml version="1.0" encoding="UTF-8"?>
<!-- Generated by org.testng.reporters.JUnitXMLReporter -->
<testsuite hostname="DESKTOP-OJ618SO" ignored="0" name="Surefire test" tests="2" failures="0" timestamp="23 Feb 2021 11:25:32 GMT" time="42.939" errors="0">
  <testcase name="runScenario" time="26.42" classname="io.cucumber.testng.AbstractTestNGCucumberTests"/>
  <testcase name="runScenario" time="37.879" classname="io.cucumber.testng.AbstractTestNGCucumberTests"/>
</testsuite> <!-- Surefire test -->
