<?xml version="1.0" encoding="UTF-8"?>
<testng-results skipped="0" failed="0" ignored="0" total="2" passed="2">
  <reporter-output>
  </reporter-output>
  <suite name="Surefire suite" duration-ms="42939" started-at="2021-02-23T11:24:50Z" finished-at="2021-02-23T11:25:32Z">
    <groups>
      <group name="cucumber">
        <method signature="AbstractTestNGCucumberTests.runScenario(io.cucumber.testng.PickleWrapper, io.cucumber.testng.FeatureWrapper)[pri:0, instance:Parallel.ParallelRun@55f3ddb1]" name="runScenario" class="io.cucumber.testng.AbstractTestNGCucumberTests"/>
      </group> <!-- cucumber -->
    </groups>
    <test name="Surefire test" duration-ms="42939" started-at="2021-02-23T11:24:50Z" finished-at="2021-02-23T11:25:32Z">
      <class name="Parallel.ParallelRun">
        <test-method status="PASS" signature="setUpClass()[pri:0, instance:Parallel.ParallelRun@55f3ddb1]" name="setUpClass" is-config="true" duration-ms="1150" started-at="2021-02-23T11:24:50Z" finished-at="2021-02-23T11:24:51Z">
          <reporter-output>
          </reporter-output>
        </test-method> <!-- setUpClass -->
        <test-method status="PASS" signature="runScenario(io.cucumber.testng.PickleWrapper, io.cucumber.testng.FeatureWrapper)[pri:0, instance:Parallel.ParallelRun@55f3ddb1]" name="runScenario" duration-ms="37879" started-at="2021-02-23T11:24:51Z" description="Runs Cucumber Scenarios" data-provider="scenarios" finished-at="2021-02-23T11:25:29Z">
          <params>
            <param index="0">
              <value>
                <![CDATA["Check Shop deatails"]]>
              </value>
            </param>
            <param index="1">
              <value>
                <![CDATA["Optional[To test the Shoppage functionality of Subsource]"]]>
              </value>
            </param>
          </params>
          <reporter-output>
          </reporter-output>
        </test-method> <!-- runScenario -->
        <test-method status="PASS" signature="runScenario(io.cucumber.testng.PickleWrapper, io.cucumber.testng.FeatureWrapper)[pri:0, instance:Parallel.ParallelRun@55f3ddb1]" name="runScenario" duration-ms="26420" started-at="2021-02-23T11:24:51Z" description="Runs Cucumber Scenarios" data-provider="scenarios" finished-at="2021-02-23T11:25:17Z">
          <params>
            <param index="0">
              <value>
                <![CDATA["Check Company deatails"]]>
              </value>
            </param>
            <param index="1">
              <value>
                <![CDATA["Optional[To test the Company functionality of Subsource]"]]>
              </value>
            </param>
          </params>
          <reporter-output>
          </reporter-output>
        </test-method> <!-- runScenario -->
        <test-method status="PASS" signature="tearDownClass()[pri:0, instance:Parallel.ParallelRun@55f3ddb1]" name="tearDownClass" is-config="true" duration-ms="3882" started-at="2021-02-23T11:25:29Z" finished-at="2021-02-23T11:25:32Z">
          <reporter-output>
          </reporter-output>
        </test-method> <!-- tearDownClass -->
      </class> <!-- Parallel.ParallelRun -->
    </test> <!-- Surefire test -->
  </suite> <!-- Surefire suite -->
</testng-results>
